# JRE version: Java(TM) SE Runtime Environment (8.0_191-b12) (build 1.8.0_191-b12)
# Java VM: Java HotSpot(TM) 64-Bit Server VM (25.191-b12 mixed mode bsd-amd64 compressed oops)
Heap:
 PSYoungGen      total 263168K, used 22145K [0x000000076ab00000, 0x000000077ad00000, 0x00000007c0000000)
  eden space 262144K, 8% used [0x000000076ab00000,0x000000076bfbd4d8,0x000000077ab00000)
  from space 1024K, 88% used [0x000000077ac00000,0x000000077ace2f68,0x000000077ad00000)
  to   space 1024K, 0% used [0x000000077ab00000,0x000000077ab00000,0x000000077ac00000)
 ParOldGen       total 175104K, used 213K [0x00000006c0000000, 0x00000006cab00000, 0x000000076ab00000)
  object space 175104K, 0% used [0x00000006c0000000,0x00000006c00357b0,0x00000006cab00000)
 Metaspace       used 3258K, capacity 4664K, committed 4864K, reserved 1056768K
  class space    used 343K, capacity 424K, committed 512K, reserved 1048576K
GC Heap History (10 events):
Event: 0.277 GC heap before
{Heap before GC invocations=2 (full 0):
 PSYoungGen      total 76288K, used 66325K [0x000000076ab00000, 0x0000000770000000, 0x00000007c0000000)
  eden space 65536K, 99% used [0x000000076ab00000,0x000000076eaf71c8,0x000000076eb00000)
  from space 10752K, 7% used [0x000000076eb00000,0x000000076ebce5c8,0x000000076f580000)
  to   space 10752K, 0% used [0x000000076f580000,0x000000076f580000,0x0000000770000000)
 ParOldGen       total 175104K, used 8K [0x00000006c0000000, 0x00000006cab00000, 0x000000076ab00000)
  object space 175104K, 0% used [0x00000006c0000000,0x00000006c0002000,0x00000006cab00000)
 Metaspace       used 3167K, capacity 4568K, committed 4864K, reserved 1056768K
  class space    used 339K, capacity 392K, committed 512K, reserved 1048576K
Event: 0.278 GC heap after
Heap after GC invocations=2 (full 0):
 PSYoungGen      total 76288K, used 865K [0x000000076ab00000, 0x0000000774000000, 0x00000007c0000000)
  eden space 65536K, 0% used [0x000000076ab00000,0x000000076ab00000,0x000000076eb00000)
  from space 10752K, 8% used [0x000000076f580000,0x000000076f658590,0x0000000770000000)
  to   space 10752K, 0% used [0x000000076eb00000,0x000000076eb00000,0x000000076f580000)
 ParOldGen       total 175104K, used 16K [0x00000006c0000000, 0x00000006cab00000, 0x000000076ab00000)
  object space 175104K, 0% used [0x00000006c0000000,0x00000006c0004000,0x00000006cab00000)
 Metaspace       used 3167K, capacity 4568K, committed 4864K, reserved 1056768K
  class space    used 339K, capacity 392K, committed 512K, reserved 1048576K
}
Event: 0.301 GC heap before
{Heap before GC invocations=3 (full 0):
 PSYoungGen      total 76288K, used 66312K [0x000000076ab00000, 0x0000000774000000, 0x00000007c0000000)
  eden space 65536K, 99% used [0x000000076ab00000,0x000000076eae9b20,0x000000076eb00000)
  from space 10752K, 8% used [0x000000076f580000,0x000000076f658590,0x0000000770000000)
  to   space 10752K, 0% used [0x000000076eb00000,0x000000076eb00000,0x000000076f580000)
 ParOldGen       total 175104K, used 16K [0x00000006c0000000, 0x00000006cab00000, 0x000000076ab00000)
  object space 175104K, 0% used [0x00000006c0000000,0x00000006c0004000,0x00000006cab00000)
 Metaspace       used 3180K, capacity 4568K, committed 4864K, reserved 1056768K
  class space    used 339K, capacity 392K, committed 512K, reserved 1048576K
Event: 0.302 GC heap after
Heap after GC invocations=3 (full 0):
 PSYoungGen      total 76288K, used 812K [0x000000076ab00000, 0x0000000774000000, 0x00000007c0000000)
  eden space 65536K, 0% used [0x000000076ab00000,0x000000076ab00000,0x000000076eb00000)
  from space 10752K, 7% used [0x000000076eb00000,0x000000076ebcb070,0x000000076f580000)
  to   space 10752K, 0% used [0x0000000773580000,0x0000000773580000,0x0000000774000000)
 ParOldGen       total 175104K, used 24K [0x00000006c0000000, 0x00000006cab00000, 0x000000076ab00000)
  object space 175104K, 0% used [0x00000006c0000000,0x00000006c0006000,0x00000006cab00000)
 Metaspace       used 3180K, capacity 4568K, committed 4864K, reserved 1056768K
  class space    used 339K, capacity 392K, committed 512K, reserved 1048576K
}
Event: 0.332 GC heap before
{Heap before GC invocations=4 (full 0):
 PSYoungGen      total 76288K, used 66293K [0x000000076ab00000, 0x0000000774000000, 0x00000007c0000000)
  eden space 65536K, 99% used [0x000000076ab00000,0x000000076eaf2588,0x000000076eb00000)
  from space 10752K, 7% used [0x000000076eb00000,0x000000076ebcb070,0x000000076f580000)
  to   space 10752K, 0% used [0x0000000773580000,0x0000000773580000,0x0000000774000000)
 ParOldGen       total 175104K, used 24K [0x00000006c0000000, 0x00000006cab00000, 0x000000076ab00000)
  object space 175104K, 0% used [0x00000006c0000000,0x00000006c0006000,0x00000006cab00000)
 Metaspace       used 3180K, capacity 4568K, committed 4864K, reserved 1056768K
  class space    used 339K, capacity 392K, committed 512K, reserved 1048576K
Event: 0.333 GC heap after
Heap after GC invocations=4 (full 0):
 PSYoungGen      total 141824K, used 820K [0x000000076ab00000, 0x0000000774000000, 0x00000007c0000000)
  eden space 131072K, 0% used [0x000000076ab00000,0x000000076ab00000,0x0000000772b00000)
  from space 10752K, 7% used [0x0000000773580000,0x000000077364d210,0x0000000774000000)
  to   space 10752K, 0% used [0x0000000772b00000,0x0000000772b00000,0x0000000773580000)
 ParOldGen       total 175104K, used 32K [0x00000006c0000000, 0x00000006cab00000, 0x000000076ab00000)
  object space 175104K, 0% used [0x00000006c0000000,0x00000006c0008000,0x00000006cab00000)
 Metaspace       used 3180K, capacity 4568K, committed 4864K, reserved 1056768K
  class space    used 339K, capacity 392K, committed 512K, reserved 1048576K
}
Event: 0.428 GC heap before
{Heap before GC invocations=5 (full 0):
 PSYoungGen      total 141824K, used 131892K [0x000000076ab00000, 0x0000000774000000, 0x00000007c0000000)
  eden space 131072K, 100% used [0x000000076ab00000,0x0000000772b00000,0x0000000772b00000)
  from space 10752K, 7% used [0x0000000773580000,0x000000077364d210,0x0000000774000000)
  to   space 10752K, 0% used [0x0000000772b00000,0x0000000772b00000,0x0000000773580000)
 ParOldGen       total 175104K, used 32K [0x00000006c0000000, 0x00000006cab00000, 0x000000076ab00000)
  object space 175104K, 0% used [0x00000006c0000000,0x00000006c0008000,0x00000006cab00000)
 Metaspace       used 3180K, capacity 4568K, committed 4864K, reserved 1056768K
  class space    used 339K, capacity 392K, committed 512K, reserved 1048576K
Event: 0.430 GC heap after
Heap after GC invocations=5 (full 0):
 PSYoungGen      total 141824K, used 979K [0x000000076ab00000, 0x000000077ad00000, 0x00000007c0000000)
  eden space 131072K, 0% used [0x000000076ab00000,0x000000076ab00000,0x0000000772b00000)
  from space 10752K, 9% used [0x0000000772b00000,0x0000000772bf4c78,0x0000000773580000)
  to   space 1024K, 0% used [0x000000077ac00000,0x000000077ac00000,0x000000077ad00000)
 ParOldGen       total 175104K, used 40K [0x00000006c0000000, 0x00000006cab00000, 0x000000076ab00000)
  object space 175104K, 0% used [0x00000006c0000000,0x00000006c000a000,0x00000006cab00000)
 Metaspace       used 3180K, capacity 4568K, committed 4864K, reserved 1056768K
  class space    used 339K, capacity 392K, committed 512K, reserved 1048576K
}
Event: 0.499 GC heap before
{Heap before GC invocations=6 (full 0):
 PSYoungGen      total 141824K, used 131934K [0x000000076ab00000, 0x000000077ad00000, 0x00000007c0000000)
  eden space 131072K, 99% used [0x000000076ab00000,0x0000000772ae2f80,0x0000000772b00000)
  from space 10752K, 9% used [0x0000000772b00000,0x0000000772bf4c78,0x0000000773580000)
  to   space 1024K, 0% used [0x000000077ac00000,0x000000077ac00000,0x000000077ad00000)
 ParOldGen       total 175104K, used 40K [0x00000006c0000000, 0x00000006cab00000, 0x000000076ab00000)
  object space 175104K, 0% used [0x00000006c0000000,0x00000006c000a000,0x00000006cab00000)
 Metaspace       used 3180K, capacity 4568K, committed 4864K, reserved 1056768K
  class space    used 339K, capacity 392K, committed 512K, reserved 1048576K
Event: 0.502 GC heap after
Heap after GC invocations=6 (full 0):
 PSYoungGen      total 263168K, used 907K [0x000000076ab00000, 0x000000077ad00000, 0x00000007c0000000)
  eden space 262144K, 0% used [0x000000076ab00000,0x000000076ab00000,0x000000077ab00000)
  from space 1024K, 88% used [0x000000077ac00000,0x000000077ace2f68,0x000000077ad00000)
  to   space 1024K, 0% used [0x000000077ab00000,0x000000077ab00000,0x000000077ac00000)
 ParOldGen       total 175104K, used 213K [0x00000006c0000000, 0x00000006cab00000, 0x000000076ab00000)
  object space 175104K, 0% used [0x00000006c0000000,0x00000006c00357b0,0x00000006cab00000)
 Metaspace       used 3180K, capacity 4568K, committed 4864K, reserved 1056768K
  class space    used 339K, capacity 392K, committed 512K, reserved 1048576K
}

